<?xml version="1.0" encoding="UTF-8"?>
<!-- Generated by org.testng.reporters.JUnitReportReporter -->
<testsuite hostname="DESKTOP-APT1UPT" failures="0" tests="1" name="scripts.Execute_PersonalHomeLoans" time="64.896" errors="0" timestamp="2022-01-14T19:32:27 IST" skipped="0">
  <testcase classname="scripts.Execute_PersonalHomeLoans" name="test_Execute_PersonalHomeLoans" time="64.896"/>
  <system-out>
    <![CDATA[Application Type 'Single' is selected
Home to live in' is selected
$482,000
Based on the details you've entered, we're unable to give you an estimate of your borrowing power with this calculator. For questions, call us on 1800 035 500.]]>
  </system-out>
</testsuite> <!-- scripts.Execute_PersonalHomeLoans -->
